Using pre-set license
Built from '2020.3/release' branch; Version is '2020.3.2f1 (8fd9074bf66c) revision 9427207'; Using compiler version '192528614'; Build Type 'Release'
OS: 'Windows 10 Pro; OS build 19044.1586; Version 2009; 64bit' Language: 'pl' Physical Memory: 32718 MB
BatchMode: 1, IsHumanControllingUs: 0, StartBugReporterOnCrash: 0, Is64bit: 1, IsPro: 0

 COMMAND LINE ARGUMENTS:
C:\Program Files\Unity\Hub\Editor\2020.3.2f1\Editor\Unity.exe
-adb2
-batchMode
-noUpm
-name
AssetImportWorker0
-projectPath
C:/Users/Skill100/source/repos/uNITY/Zajecia/Lato22/RunRunSat
-logFile
Logs/AssetImportWorker0.log
-srvPort
1064
Successfully changed project path to: C:/Users/Skill100/source/repos/uNITY/Zajecia/Lato22/RunRunSat
C:/Users/Skill100/source/repos/uNITY/Zajecia/Lato22/RunRunSat
Using Asset Import Pipeline V2.
Refreshing native plugins compatible for Editor in 45.49 ms, found 3 plugins.
Preloading 0 native plugins for Editor in 0.00 ms.
Initialize engine version: 2020.3.2f1 (8fd9074bf66c)
[Subsystems] Discovering subsystems at path C:/Program Files/Unity/Hub/Editor/2020.3.2f1/Editor/Data/Resources/UnitySubsystems
[Subsystems] Discovering subsystems at path C:/Users/Skill100/source/repos/uNITY/Zajecia/Lato22/RunRunSat/Assets
GfxDevice: creating device client; threaded=0
Direct3D:
    Version:  Direct3D 11.0 [level 11.1]
    Renderer: Radeon RX 5500 XT (ID=0x7340)
    Vendor:   
    VRAM:     8151 MB
    Driver:   30.0.14029.1011
Initialize mono
Mono path[0] = 'C:/Program Files/Unity/Hub/Editor/2020.3.2f1/Editor/Data/Managed'
Mono path[1] = 'C:/Program Files/Unity/Hub/Editor/2020.3.2f1/Editor/Data/MonoBleedingEdge/lib/mono/unityjit'
Mono config path = 'C:/Program Files/Unity/Hub/Editor/2020.3.2f1/Editor/Data/MonoBleedingEdge/etc'
Using monoOptions --debugger-agent=transport=dt_socket,embedding=1,server=y,suspend=n,address=127.0.0.1:56244
Begin MonoManager ReloadAssembly
Registering precompiled unity dll's ...
Register platform support module: C:/Program Files/Unity/Hub/Editor/2020.3.2f1/Editor/Data/PlaybackEngines/WindowsStandaloneSupport/UnityEditor.WindowsStandalone.Extensions.dll
Registered in 0.001920 seconds.
Native extension for WindowsStandalone target not found
Refreshing native plugins compatible for Editor in 44.12 ms, found 3 plugins.
Preloading 0 native plugins for Editor in 0.00 ms.
Invoked RoslynAnalysisRunner static constructor.
RoslynAnalysisRunner will not be running.
RoslynAnalysisRunner has terminated.
Mono: successfully reloaded assembly
- Completed reload, in  1.793 seconds
Platform modules already initialized, skipping
Registering precompiled user dll's ...
Registered in 0.003559 seconds.
Begin MonoManager ReloadAssembly
Native extension for WindowsStandalone target not found
Refreshing native plugins compatible for Editor in 45.09 ms, found 3 plugins.
Preloading 0 native plugins for Editor in 0.00 ms.
Invoked RoslynAnalysisRunner static constructor.
RoslynAnalysisRunner will not be running.
RoslynAnalysisRunner has terminated.
Mono: successfully reloaded assembly
- Completed reload, in  1.164 seconds
Platform modules already initialized, skipping
========================================================================
Worker process is ready to serve import requests
Launched and connected shader compiler UnityShaderCompiler.exe after 0.05 seconds
Refreshing native plugins compatible for Editor in 0.52 ms, found 3 plugins.
Preloading 0 native plugins for Editor in 0.00 ms.
Unloading 2199 Unused Serialized files (Serialized files now loaded: 0)
System memory in use before: 95.7 MB.
System memory in use after: 95.8 MB.

Unloading 25 unused Assets to reduce memory usage. Loaded Objects now: 2636.
Total: 3.067800 ms (FindLiveObjects: 0.484800 ms CreateObjectMapping: 0.070100 ms MarkObjects: 2.418700 ms  DeleteObjects: 0.091600 ms)

========================================================================
Received Import Request.
  path: Assets/Script/GameManager.cs
  artifactKey: Guid(55abe0a5214c6ee4fa66d733ccf1976c) Importer(815301076,1909f56bfc062723c751e8b465ee728b)
Start importing Assets/Script/GameManager.cs using Guid(55abe0a5214c6ee4fa66d733ccf1976c) Importer(815301076,1909f56bfc062723c751e8b465ee728b)  -> (artifact id: 'aa6dafe58d9eea1007fea28bc2a2c10f') in 0.032832 seconds
  Import took 0.037837 seconds .

========================================================================
Received Prepare
Registering precompiled user dll's ...
Registered in 0.003703 seconds.
Begin MonoManager ReloadAssembly
Native extension for WindowsStandalone target not found
Refreshing native plugins compatible for Editor in 0.55 ms, found 3 plugins.
Preloading 0 native plugins for Editor in 0.00 ms.
Invoked RoslynAnalysisRunner static constructor.
RoslynAnalysisRunner will not be running.
RoslynAnalysisRunner has terminated.
Mono: successfully reloaded assembly
- Completed reload, in  1.142 seconds
Platform modules already initialized, skipping
Refreshing native plugins compatible for Editor in 0.60 ms, found 3 plugins.
Preloading 0 native plugins for Editor in 0.00 ms.
Unloading 2188 Unused Serialized files (Serialized files now loaded: 0)
System memory in use before: 95.1 MB.
System memory in use after: 95.2 MB.

Unloading 14 unused Assets to reduce memory usage. Loaded Objects now: 2638.
Total: 3.640600 ms (FindLiveObjects: 0.344900 ms CreateObjectMapping: 0.098400 ms MarkObjects: 3.165700 ms  DeleteObjects: 0.029200 ms)

========================================================================
Received Import Request.
  Time since last request: 471.221993 seconds.
  path: Assets/Script/WorldScroller.cs
  artifactKey: Guid(2316f25b604496046b3d7c9d8b7fb7cf) Importer(815301076,1909f56bfc062723c751e8b465ee728b)
Start importing Assets/Script/WorldScroller.cs using Guid(2316f25b604496046b3d7c9d8b7fb7cf) Importer(815301076,1909f56bfc062723c751e8b465ee728b)  -> (artifact id: 'cba0e363f9c597fa399858dfceb7b88f') in 0.020953 seconds
  Import took 0.027000 seconds .

========================================================================
Received Import Request.
  Time since last request: 266.286687 seconds.
  path: Assets/Script/WorldScroller.cs
  artifactKey: Guid(2316f25b604496046b3d7c9d8b7fb7cf) Importer(815301076,1909f56bfc062723c751e8b465ee728b)
Start importing Assets/Script/WorldScroller.cs using Guid(2316f25b604496046b3d7c9d8b7fb7cf) Importer(815301076,1909f56bfc062723c751e8b465ee728b)  -> (artifact id: 'aed7cbe58295eea962d9fd76ccfc37b2') in 0.004749 seconds
  Import took 0.009470 seconds .

========================================================================
Received Import Request.
  Time since last request: 287.330344 seconds.
  path: Assets/Script/WorldScroller.cs
  artifactKey: Guid(2316f25b604496046b3d7c9d8b7fb7cf) Importer(815301076,1909f56bfc062723c751e8b465ee728b)
Start importing Assets/Script/WorldScroller.cs using Guid(2316f25b604496046b3d7c9d8b7fb7cf) Importer(815301076,1909f56bfc062723c751e8b465ee728b)  -> (artifact id: 'a8370da7b4ba0a583c2b5182bd4ff8e6') in 0.004127 seconds
  Import took 0.008513 seconds .

========================================================================
Received Prepare
Registering precompiled user dll's ...
Registered in 0.004122 seconds.
Begin MonoManager ReloadAssembly
Native extension for WindowsStandalone target not found
Refreshing native plugins compatible for Editor in 0.66 ms, found 3 plugins.
Preloading 0 native plugins for Editor in 0.00 ms.
Invoked RoslynAnalysisRunner static constructor.
RoslynAnalysisRunner will not be running.
RoslynAnalysisRunner has terminated.
Mono: successfully reloaded assembly
- Completed reload, in  1.107 seconds
Platform modules already initialized, skipping
Refreshing native plugins compatible for Editor in 0.50 ms, found 3 plugins.
Preloading 0 native plugins for Editor in 0.00 ms.
Unloading 2188 Unused Serialized files (Serialized files now loaded: 0)
System memory in use before: 95.1 MB.
System memory in use after: 95.3 MB.

Unloading 14 unused Assets to reduce memory usage. Loaded Objects now: 2640.
Total: 2.633200 ms (FindLiveObjects: 0.333500 ms CreateObjectMapping: 0.051400 ms MarkObjects: 2.226700 ms  DeleteObjects: 0.020300 ms)

========================================================================
Received Import Request.
  Time since last request: 64.244563 seconds.
  path: Assets
  artifactKey: Guid(00000000000000001000000000000000) Importer(815301076,1909f56bfc062723c751e8b465ee728b)
Start importing Assets using Guid(00000000000000001000000000000000) Importer(815301076,1909f56bfc062723c751e8b465ee728b)  -> (artifact id: '819a33a9bd799f71faca6db75e8a216c') in 0.012608 seconds
  Import took 0.016728 seconds .

========================================================================
Received Import Request.
  Time since last request: 7.180864 seconds.
  path: Assets/Prefabs
  artifactKey: Guid(e340331a1f0f5334baba66c25d08840c) Importer(815301076,1909f56bfc062723c751e8b465ee728b)
Start importing Assets/Prefabs using Guid(e340331a1f0f5334baba66c25d08840c) Importer(815301076,1909f56bfc062723c751e8b465ee728b)  -> (artifact id: 'f79b58119dfbf07193892b9834f93c53') in 0.010065 seconds
  Import took 0.013801 seconds .

========================================================================
Received Import Request.
  Time since last request: 34.903931 seconds.
  path: Assets/Prefabs/Ground2.prefab
  artifactKey: Guid(bf2923858c5183c4e97d20fc694a6d47) Importer(815301076,1909f56bfc062723c751e8b465ee728b)
Start importing Assets/Prefabs/Ground2.prefab using Guid(bf2923858c5183c4e97d20fc694a6d47) Importer(815301076,1909f56bfc062723c751e8b465ee728b)  -> (artifact id: '43a15527e28f3a0f429b45c773f9c358') in 0.098048 seconds
  Import took 0.102928 seconds .

========================================================================
Received Import Request.
  Time since last request: 10.759958 seconds.
  path: Assets/Prefabs/Ground1.prefab
  artifactKey: Guid(f335229a99b45a54c92db28495dc1675) Importer(815301076,1909f56bfc062723c751e8b465ee728b)
Start importing Assets/Prefabs/Ground1.prefab using Guid(f335229a99b45a54c92db28495dc1675) Importer(815301076,1909f56bfc062723c751e8b465ee728b)  -> (artifact id: '010e35caf060a37d7c3f1949556ff448') in 0.019380 seconds
  Import took 0.023694 seconds .

========================================================================
Received Import Request.
  Time since last request: 0.010426 seconds.
  path: Assets/Prefabs/Ground1.prefab
  artifactKey: Guid(f335229a99b45a54c92db28495dc1675) Importer(815301076,1909f56bfc062723c751e8b465ee728b)
Start importing Assets/Prefabs/Ground1.prefab using Guid(f335229a99b45a54c92db28495dc1675) Importer(815301076,1909f56bfc062723c751e8b465ee728b)  -> (artifact id: '010e35caf060a37d7c3f1949556ff448') in 0.010803 seconds
  Import took 0.014835 seconds .

========================================================================
Received Prepare
Registering precompiled user dll's ...
Registered in 0.004602 seconds.
Begin MonoManager ReloadAssembly
Native extension for WindowsStandalone target not found
Refreshing native plugins compatible for Editor in 0.50 ms, found 3 plugins.
Preloading 0 native plugins for Editor in 0.00 ms.
Invoked RoslynAnalysisRunner static constructor.
RoslynAnalysisRunner will not be running.
RoslynAnalysisRunner has terminated.
Mono: successfully reloaded assembly
- Completed reload, in  1.127 seconds
Platform modules already initialized, skipping
Refreshing native plugins compatible for Editor in 0.73 ms, found 3 plugins.
Preloading 0 native plugins for Editor in 0.00 ms.
Unloading 2188 Unused Serialized files (Serialized files now loaded: 0)
System memory in use before: 98.1 MB.
System memory in use after: 98.3 MB.

Unloading 14 unused Assets to reduce memory usage. Loaded Objects now: 2649.
Total: 2.552500 ms (FindLiveObjects: 0.411300 ms CreateObjectMapping: 0.090400 ms MarkObjects: 2.030100 ms  DeleteObjects: 0.019200 ms)

========================================================================
Received Prepare
Registering precompiled user dll's ...
Registered in 0.003858 seconds.
Begin MonoManager ReloadAssembly
Native extension for WindowsStandalone target not found
Refreshing native plugins compatible for Editor in 1.07 ms, found 3 plugins.
Preloading 0 native plugins for Editor in 0.00 ms.
Invoked RoslynAnalysisRunner static constructor.
RoslynAnalysisRunner will not be running.
RoslynAnalysisRunner has terminated.
Mono: successfully reloaded assembly
- Completed reload, in  1.112 seconds
Platform modules already initialized, skipping
Refreshing native plugins compatible for Editor in 0.49 ms, found 3 plugins.
Preloading 0 native plugins for Editor in 0.00 ms.
Unloading 2188 Unused Serialized files (Serialized files now loaded: 0)
System memory in use before: 98.2 MB.
System memory in use after: 98.3 MB.

Unloading 14 unused Assets to reduce memory usage. Loaded Objects now: 2651.
Total: 2.840000 ms (FindLiveObjects: 0.396500 ms CreateObjectMapping: 0.069100 ms MarkObjects: 2.350700 ms  DeleteObjects: 0.021500 ms)

========================================================================
Received Prepare
Registering precompiled user dll's ...
Registered in 0.003686 seconds.
Begin MonoManager ReloadAssembly
Native extension for WindowsStandalone target not found
Refreshing native plugins compatible for Editor in 0.52 ms, found 3 plugins.
Preloading 0 native plugins for Editor in 0.00 ms.
Invoked RoslynAnalysisRunner static constructor.
RoslynAnalysisRunner will not be running.
RoslynAnalysisRunner has terminated.
Mono: successfully reloaded assembly
- Completed reload, in  1.094 seconds
Platform modules already initialized, skipping
Refreshing native plugins compatible for Editor in 0.70 ms, found 3 plugins.
Preloading 0 native plugins for Editor in 0.00 ms.
Unloading 2188 Unused Serialized files (Serialized files now loaded: 0)
System memory in use before: 98.2 MB.
System memory in use after: 98.3 MB.

Unloading 14 unused Assets to reduce memory usage. Loaded Objects now: 2653.
Total: 2.890400 ms (FindLiveObjects: 0.438600 ms CreateObjectMapping: 0.056000 ms MarkObjects: 2.371500 ms  DeleteObjects: 0.022800 ms)

========================================================================
Received Prepare
Registering precompiled user dll's ...
Registered in 0.003699 seconds.
Begin MonoManager ReloadAssembly
Native extension for WindowsStandalone target not found
Refreshing native plugins compatible for Editor in 0.63 ms, found 3 plugins.
Preloading 0 native plugins for Editor in 0.00 ms.
Invoked RoslynAnalysisRunner static constructor.
RoslynAnalysisRunner will not be running.
RoslynAnalysisRunner has terminated.
Mono: successfully reloaded assembly
- Completed reload, in  1.120 seconds
Platform modules already initialized, skipping
Refreshing native plugins compatible for Editor in 0.61 ms, found 3 plugins.
Preloading 0 native plugins for Editor in 0.00 ms.
Unloading 2188 Unused Serialized files (Serialized files now loaded: 0)
System memory in use before: 98.2 MB.
System memory in use after: 98.3 MB.

Unloading 14 unused Assets to reduce memory usage. Loaded Objects now: 2655.
Total: 2.514900 ms (FindLiveObjects: 0.257000 ms CreateObjectMapping: 0.052100 ms MarkObjects: 2.181400 ms  DeleteObjects: 0.023000 ms)

========================================================================
Received Prepare
Registering precompiled user dll's ...
Registered in 0.003666 seconds.
Begin MonoManager ReloadAssembly
Native extension for WindowsStandalone target not found
Refreshing native plugins compatible for Editor in 0.58 ms, found 3 plugins.
Preloading 0 native plugins for Editor in 0.00 ms.
Invoked RoslynAnalysisRunner static constructor.
RoslynAnalysisRunner will not be running.
RoslynAnalysisRunner has terminated.
Mono: successfully reloaded assembly
- Completed reload, in  1.119 seconds
Platform modules already initialized, skipping
Refreshing native plugins compatible for Editor in 0.56 ms, found 3 plugins.
Preloading 0 native plugins for Editor in 0.00 ms.
Unloading 2188 Unused Serialized files (Serialized files now loaded: 0)
System memory in use before: 98.2 MB.
System memory in use after: 98.3 MB.

Unloading 14 unused Assets to reduce memory usage. Loaded Objects now: 2657.
Total: 2.517600 ms (FindLiveObjects: 0.247900 ms CreateObjectMapping: 0.049200 ms MarkObjects: 2.194400 ms  DeleteObjects: 0.025000 ms)

========================================================================
Received Prepare
Registering precompiled user dll's ...
Registered in 0.003932 seconds.
Begin MonoManager ReloadAssembly
Native extension for WindowsStandalone target not found
Refreshing native plugins compatible for Editor in 0.50 ms, found 3 plugins.
Preloading 0 native plugins for Editor in 0.00 ms.
Invoked RoslynAnalysisRunner static constructor.
RoslynAnalysisRunner will not be running.
RoslynAnalysisRunner has terminated.
Mono: successfully reloaded assembly
- Completed reload, in  1.073 seconds
Platform modules already initialized, skipping
Refreshing native plugins compatible for Editor in 0.62 ms, found 3 plugins.
Preloading 0 native plugins for Editor in 0.00 ms.
Unloading 2188 Unused Serialized files (Serialized files now loaded: 0)
System memory in use before: 98.2 MB.
System memory in use after: 98.3 MB.

Unloading 14 unused Assets to reduce memory usage. Loaded Objects now: 2659.
Total: 2.668000 ms (FindLiveObjects: 0.278200 ms CreateObjectMapping: 0.055300 ms MarkObjects: 2.308600 ms  DeleteObjects: 0.024700 ms)

========================================================================
Received Prepare
Registering precompiled user dll's ...
Registered in 0.003830 seconds.
Begin MonoManager ReloadAssembly
Native extension for WindowsStandalone target not found
Refreshing native plugins compatible for Editor in 0.77 ms, found 3 plugins.
Preloading 0 native plugins for Editor in 0.00 ms.
Invoked RoslynAnalysisRunner static constructor.
RoslynAnalysisRunner will not be running.
RoslynAnalysisRunner has terminated.
Mono: successfully reloaded assembly
- Completed reload, in  1.076 seconds
Platform modules already initialized, skipping
Refreshing native plugins compatible for Editor in 0.77 ms, found 3 plugins.
Preloading 0 native plugins for Editor in 0.00 ms.
Unloading 2188 Unused Serialized files (Serialized files now loaded: 0)
System memory in use before: 98.2 MB.
System memory in use after: 98.3 MB.

Unloading 14 unused Assets to reduce memory usage. Loaded Objects now: 2661.
Total: 3.998800 ms (FindLiveObjects: 0.499800 ms CreateObjectMapping: 0.093500 ms MarkObjects: 3.365800 ms  DeleteObjects: 0.037500 ms)

========================================================================
Received Import Request.
  Time since last request: 2905.651439 seconds.
  path: ProjectSettings/TagManager.asset
  artifactKey: Guid(00000000000000003000000000000000) Importer(815301076,1909f56bfc062723c751e8b465ee728b)
Start importing ProjectSettings/TagManager.asset using Guid(00000000000000003000000000000000) Importer(815301076,1909f56bfc062723c751e8b465ee728b)  -> (artifact id: '3d29b71253d5d94f0b4d91afa3e54ff3') in 0.021333 seconds
  Import took 0.025590 seconds .

========================================================================
Received Import Request.
  Time since last request: 151.351907 seconds.
  path: Assets/Prefabs/Obstacle.prefab
  artifactKey: Guid(eaafed737dd6f0842bfbd321edefb49e) Importer(815301076,1909f56bfc062723c751e8b465ee728b)
Start importing Assets/Prefabs/Obstacle.prefab using Guid(eaafed737dd6f0842bfbd321edefb49e) Importer(815301076,1909f56bfc062723c751e8b465ee728b)  -> (artifact id: '74b8a7816fed5122b3d27f71571a146a') in 0.057177 seconds
  Import took 0.060761 seconds .

========================================================================
Received Import Request.
  Time since last request: 0.009194 seconds.
  path: Assets/Prefabs/Obstacle.prefab
  artifactKey: Guid(eaafed737dd6f0842bfbd321edefb49e) Importer(815301076,1909f56bfc062723c751e8b465ee728b)
Start importing Assets/Prefabs/Obstacle.prefab using Guid(eaafed737dd6f0842bfbd321edefb49e) Importer(815301076,1909f56bfc062723c751e8b465ee728b)  -> (artifact id: '74b8a7816fed5122b3d27f71571a146a') in 0.011690 seconds
  Import took 0.015905 seconds .

========================================================================
Received Import Request.
  Time since last request: 63.581620 seconds.
  path: Assets/Prefabs/Ground2 1.prefab
  artifactKey: Guid(00dd3da4d73ea9547bcbd28a0533b5a6) Importer(815301076,1909f56bfc062723c751e8b465ee728b)
Start importing Assets/Prefabs/Ground2 1.prefab using Guid(00dd3da4d73ea9547bcbd28a0533b5a6) Importer(815301076,1909f56bfc062723c751e8b465ee728b)  -> (artifact id: 'dafc7345ed62a108dc814614536a57b3') in 0.015627 seconds
  Import took 0.020571 seconds .

========================================================================
Received Import Request.
  Time since last request: 0.008219 seconds.
  path: Assets/Prefabs/Ground2 1.prefab
  artifactKey: Guid(00dd3da4d73ea9547bcbd28a0533b5a6) Importer(815301076,1909f56bfc062723c751e8b465ee728b)
Start importing Assets/Prefabs/Ground2 1.prefab using Guid(00dd3da4d73ea9547bcbd28a0533b5a6) Importer(815301076,1909f56bfc062723c751e8b465ee728b)  -> (artifact id: 'dafc7345ed62a108dc814614536a57b3') in 0.012431 seconds
  Import took 0.016497 seconds .

========================================================================
Received Import Request.
  Time since last request: 9.404755 seconds.
  path: Assets/Prefabs/Ground3.prefab
  artifactKey: Guid(00dd3da4d73ea9547bcbd28a0533b5a6) Importer(815301076,1909f56bfc062723c751e8b465ee728b)
Start importing Assets/Prefabs/Ground3.prefab using Guid(00dd3da4d73ea9547bcbd28a0533b5a6) Importer(815301076,1909f56bfc062723c751e8b465ee728b)  -> (artifact id: '4b446ea8a20bb39ae99155635a45bedc') in 0.014680 seconds
  Import took 0.018645 seconds .

========================================================================
Received Import Request.
  Time since last request: 0.002631 seconds.
  path: Assets/Prefabs/Ground3.prefab
  artifactKey: Guid(00dd3da4d73ea9547bcbd28a0533b5a6) Importer(815301076,1909f56bfc062723c751e8b465ee728b)
Start importing Assets/Prefabs/Ground3.prefab using Guid(00dd3da4d73ea9547bcbd28a0533b5a6) Importer(815301076,1909f56bfc062723c751e8b465ee728b)  -> (artifact id: '4b446ea8a20bb39ae99155635a45bedc') in 0.010659 seconds
  Import took 0.013949 seconds .

========================================================================
Received Import Request.
  Time since last request: 64.604073 seconds.
  path: Assets/Prefabs/Ground3.prefab
  artifactKey: Guid(00dd3da4d73ea9547bcbd28a0533b5a6) Importer(815301076,1909f56bfc062723c751e8b465ee728b)
Start importing Assets/Prefabs/Ground3.prefab using Guid(00dd3da4d73ea9547bcbd28a0533b5a6) Importer(815301076,1909f56bfc062723c751e8b465ee728b)  -> (artifact id: 'da8a70a7e48410fee65132c1573310d8') in 0.014121 seconds
  Import took 0.018149 seconds .

========================================================================
Received Import Request.
  Time since last request: 4.578525 seconds.
  path: Assets/Prefabs/Ground3.prefab
  artifactKey: Guid(00dd3da4d73ea9547bcbd28a0533b5a6) Importer(815301076,1909f56bfc062723c751e8b465ee728b)
Start importing Assets/Prefabs/Ground3.prefab using Guid(00dd3da4d73ea9547bcbd28a0533b5a6) Importer(815301076,1909f56bfc062723c751e8b465ee728b)  -> (artifact id: 'fdce19fe6a5009ee03c9c808b0265628') in 0.010142 seconds
  Import took 0.014053 seconds .

========================================================================
Received Import Request.
  Time since last request: 41.808002 seconds.
  path: Assets/Prefabs/Ground3.prefab
  artifactKey: Guid(00dd3da4d73ea9547bcbd28a0533b5a6) Importer(815301076,1909f56bfc062723c751e8b465ee728b)
Start importing Assets/Prefabs/Ground3.prefab using Guid(00dd3da4d73ea9547bcbd28a0533b5a6) Importer(815301076,1909f56bfc062723c751e8b465ee728b)  -> (artifact id: '2888854141a7d1c764a080ee80b0a4a4') in 0.009900 seconds
  Import took 0.013846 seconds .

========================================================================
Received Import Request.
  Time since last request: 36.824518 seconds.
  path: Assets/Prefabs/Ground3.prefab
  artifactKey: Guid(00dd3da4d73ea9547bcbd28a0533b5a6) Importer(815301076,1909f56bfc062723c751e8b465ee728b)
Start importing Assets/Prefabs/Ground3.prefab using Guid(00dd3da4d73ea9547bcbd28a0533b5a6) Importer(815301076,1909f56bfc062723c751e8b465ee728b)  -> (artifact id: '6659bf2ea532ace27a65050e2d2a75e4') in 0.012715 seconds
  Import took 0.016856 seconds .

========================================================================
Received Import Request.
  Time since last request: 11.293321 seconds.
  path: Assets/Prefabs/Ground3.prefab
  artifactKey: Guid(00dd3da4d73ea9547bcbd28a0533b5a6) Importer(815301076,1909f56bfc062723c751e8b465ee728b)
Start importing Assets/Prefabs/Ground3.prefab using Guid(00dd3da4d73ea9547bcbd28a0533b5a6) Importer(815301076,1909f56bfc062723c751e8b465ee728b)  -> (artifact id: '55e398ef32c51200e3d325a1293ee2d5') in 0.013617 seconds
  Import took 0.017926 seconds .

========================================================================
Received Import Request.
  Time since last request: 116.701537 seconds.
  path: Assets/Prefabs/Ground3.prefab
  artifactKey: Guid(00dd3da4d73ea9547bcbd28a0533b5a6) Importer(815301076,1909f56bfc062723c751e8b465ee728b)
Start importing Assets/Prefabs/Ground3.prefab using Guid(00dd3da4d73ea9547bcbd28a0533b5a6) Importer(815301076,1909f56bfc062723c751e8b465ee728b)  -> (artifact id: '0130a5e3db8cc1b98d090557e0d1133f') in 0.014385 seconds
  Import took 0.018350 seconds .

========================================================================
Received Import Request.
  Time since last request: 99.900056 seconds.
  path: Assets/Prefabs/Ground3.prefab
  artifactKey: Guid(00dd3da4d73ea9547bcbd28a0533b5a6) Importer(815301076,1909f56bfc062723c751e8b465ee728b)
Start importing Assets/Prefabs/Ground3.prefab using Guid(00dd3da4d73ea9547bcbd28a0533b5a6) Importer(815301076,1909f56bfc062723c751e8b465ee728b)  -> (artifact id: '40b961f0c63b38c86efd4c64b3e5444a') in 0.015225 seconds
  Import took 0.020064 seconds .

========================================================================
Received Import Request.
  Time since last request: 0.004415 seconds.
  path: Assets/Prefabs/Ground3.prefab
  artifactKey: Guid(00dd3da4d73ea9547bcbd28a0533b5a6) Importer(815301076,1909f56bfc062723c751e8b465ee728b)
Start importing Assets/Prefabs/Ground3.prefab using Guid(00dd3da4d73ea9547bcbd28a0533b5a6) Importer(815301076,1909f56bfc062723c751e8b465ee728b)  -> (artifact id: '40b961f0c63b38c86efd4c64b3e5444a') in 0.009422 seconds
  Import took 0.013209 seconds .

========================================================================
Received Import Request.
  Time since last request: 196.754710 seconds.
  path: Assets/Script/PlayerController.cs
  artifactKey: Guid(21371da0ad5cbff41a67ffdefdc86c48) Importer(815301076,1909f56bfc062723c751e8b465ee728b)
Start importing Assets/Script/PlayerController.cs using Guid(21371da0ad5cbff41a67ffdefdc86c48) Importer(815301076,1909f56bfc062723c751e8b465ee728b)  -> (artifact id: '178e57d78808c7f80d2ade43bc38820c') in 0.006999 seconds
  Import took 0.011865 seconds .

========================================================================
Received Prepare
Registering precompiled user dll's ...
Registered in 0.004065 seconds.
Begin MonoManager ReloadAssembly
Native extension for WindowsStandalone target not found
Refreshing native plugins compatible for Editor in 0.53 ms, found 3 plugins.
Preloading 0 native plugins for Editor in 0.00 ms.
Invoked RoslynAnalysisRunner static constructor.
RoslynAnalysisRunner will not be running.
RoslynAnalysisRunner has terminated.
Mono: successfully reloaded assembly
- Completed reload, in  1.071 seconds
Platform modules already initialized, skipping
Refreshing native plugins compatible for Editor in 0.60 ms, found 3 plugins.
Preloading 0 native plugins for Editor in 0.00 ms.
Unloading 2188 Unused Serialized files (Serialized files now loaded: 0)
System memory in use before: 98.3 MB.
System memory in use after: 98.4 MB.

Unloading 15 unused Assets to reduce memory usage. Loaded Objects now: 2664.
Total: 2.984600 ms (FindLiveObjects: 0.383300 ms CreateObjectMapping: 0.061200 ms MarkObjects: 2.506700 ms  DeleteObjects: 0.031500 ms)

========================================================================
Received Prepare
Registering precompiled user dll's ...
Registered in 0.003583 seconds.
Begin MonoManager ReloadAssembly
Native extension for WindowsStandalone target not found
Refreshing native plugins compatible for Editor in 0.51 ms, found 3 plugins.
Preloading 0 native plugins for Editor in 0.00 ms.
Invoked RoslynAnalysisRunner static constructor.
RoslynAnalysisRunner will not be running.
RoslynAnalysisRunner has terminated.
Mono: successfully reloaded assembly
- Completed reload, in  1.093 seconds
Platform modules already initialized, skipping
Refreshing native plugins compatible for Editor in 0.53 ms, found 3 plugins.
Preloading 0 native plugins for Editor in 0.00 ms.
Unloading 2188 Unused Serialized files (Serialized files now loaded: 0)
System memory in use before: 98.3 MB.
System memory in use after: 98.4 MB.

Unloading 14 unused Assets to reduce memory usage. Loaded Objects now: 2666.
Total: 2.700900 ms (FindLiveObjects: 0.391400 ms CreateObjectMapping: 0.052000 ms MarkObjects: 2.228000 ms  DeleteObjects: 0.026800 ms)

========================================================================
Received Prepare
Registering precompiled user dll's ...
Registered in 0.003733 seconds.
Begin MonoManager ReloadAssembly
Native extension for WindowsStandalone target not found
Refreshing native plugins compatible for Editor in 0.59 ms, found 3 plugins.
Preloading 0 native plugins for Editor in 0.00 ms.
Invoked RoslynAnalysisRunner static constructor.
RoslynAnalysisRunner will not be running.
RoslynAnalysisRunner has terminated.
Mono: successfully reloaded assembly
- Completed reload, in  1.070 seconds
Platform modules already initialized, skipping
Refreshing native plugins compatible for Editor in 0.98 ms, found 3 plugins.
Preloading 0 native plugins for Editor in 0.00 ms.
Unloading 2188 Unused Serialized files (Serialized files now loaded: 0)
System memory in use before: 98.3 MB.
System memory in use after: 98.4 MB.

Unloading 14 unused Assets to reduce memory usage. Loaded Objects now: 2668.
Total: 2.667500 ms (FindLiveObjects: 0.322900 ms CreateObjectMapping: 0.053400 ms MarkObjects: 2.263600 ms  DeleteObjects: 0.026000 ms)

========================================================================
Received Prepare
Registering precompiled user dll's ...
Registered in 0.003777 seconds.
Begin MonoManager ReloadAssembly
Native extension for WindowsStandalone target not found
Refreshing native plugins compatible for Editor in 1.09 ms, found 3 plugins.
Preloading 0 native plugins for Editor in 0.00 ms.
Invoked RoslynAnalysisRunner static constructor.
RoslynAnalysisRunner will not be running.
RoslynAnalysisRunner has terminated.
Mono: successfully reloaded assembly
- Completed reload, in  1.063 seconds
Platform modules already initialized, skipping
Refreshing native plugins compatible for Editor in 0.76 ms, found 3 plugins.
Preloading 0 native plugins for Editor in 0.00 ms.
Unloading 2188 Unused Serialized files (Serialized files now loaded: 0)
System memory in use before: 98.3 MB.
System memory in use after: 98.4 MB.

Unloading 14 unused Assets to reduce memory usage. Loaded Objects now: 2670.
Total: 3.157700 ms (FindLiveObjects: 0.409000 ms CreateObjectMapping: 0.055700 ms MarkObjects: 2.667400 ms  DeleteObjects: 0.023400 ms)

========================================================================
Received Prepare
Registering precompiled user dll's ...
Registered in 0.004022 seconds.
Begin MonoManager ReloadAssembly
Native extension for WindowsStandalone target not found
Refreshing native plugins compatible for Editor in 0.91 ms, found 3 plugins.
Preloading 0 native plugins for Editor in 0.00 ms.
Invoked RoslynAnalysisRunner static constructor.
RoslynAnalysisRunner will not be running.
RoslynAnalysisRunner has terminated.
Mono: successfully reloaded assembly
- Completed reload, in  1.075 seconds
Platform modules already initialized, skipping
Refreshing native plugins compatible for Editor in 0.60 ms, found 3 plugins.
Preloading 0 native plugins for Editor in 0.00 ms.
Unloading 2188 Unused Serialized files (Serialized files now loaded: 0)
System memory in use before: 98.3 MB.
System memory in use after: 98.4 MB.

Unloading 14 unused Assets to reduce memory usage. Loaded Objects now: 2672.
Total: 2.934100 ms (FindLiveObjects: 0.342300 ms CreateObjectMapping: 0.054900 ms MarkObjects: 2.498800 ms  DeleteObjects: 0.035600 ms)

========================================================================
Received Prepare
Registering precompiled user dll's ...
Registered in 0.003715 seconds.
Begin MonoManager ReloadAssembly
Native extension for WindowsStandalone target not found
Refreshing native plugins compatible for Editor in 0.74 ms, found 3 plugins.
Preloading 0 native plugins for Editor in 0.00 ms.
Invoked RoslynAnalysisRunner static constructor.
RoslynAnalysisRunner will not be running.
RoslynAnalysisRunner has terminated.
Mono: successfully reloaded assembly
- Completed reload, in  1.086 seconds
Platform modules already initialized, skipping
Refreshing native plugins compatible for Editor in 0.49 ms, found 3 plugins.
Preloading 0 native plugins for Editor in 0.00 ms.
Unloading 2188 Unused Serialized files (Serialized files now loaded: 0)
System memory in use before: 98.3 MB.
System memory in use after: 98.4 MB.

Unloading 14 unused Assets to reduce memory usage. Loaded Objects now: 2674.
Total: 2.504500 ms (FindLiveObjects: 0.258800 ms CreateObjectMapping: 0.050200 ms MarkObjects: 2.172300 ms  DeleteObjects: 0.022000 ms)

========================================================================
Received Prepare
Registering precompiled user dll's ...
Registered in 0.003549 seconds.
Begin MonoManager ReloadAssembly
Native extension for WindowsStandalone target not found
Refreshing native plugins compatible for Editor in 0.85 ms, found 3 plugins.
Preloading 0 native plugins for Editor in 0.00 ms.
Invoked RoslynAnalysisRunner static constructor.
RoslynAnalysisRunner will not be running.
RoslynAnalysisRunner has terminated.
Mono: successfully reloaded assembly
- Completed reload, in  1.075 seconds
Platform modules already initialized, skipping
Refreshing native plugins compatible for Editor in 0.57 ms, found 3 plugins.
Preloading 0 native plugins for Editor in 0.00 ms.
Unloading 2188 Unused Serialized files (Serialized files now loaded: 0)
System memory in use before: 98.3 MB.
System memory in use after: 98.4 MB.

Unloading 14 unused Assets to reduce memory usage. Loaded Objects now: 2676.
Total: 2.405200 ms (FindLiveObjects: 0.308900 ms CreateObjectMapping: 0.055200 ms MarkObjects: 2.020800 ms  DeleteObjects: 0.019200 ms)

========================================================================
Received Prepare
Registering precompiled user dll's ...
Registered in 0.003709 seconds.
Begin MonoManager ReloadAssembly
Native extension for WindowsStandalone target not found
Refreshing native plugins compatible for Editor in 0.55 ms, found 3 plugins.
Preloading 0 native plugins for Editor in 0.00 ms.
Invoked RoslynAnalysisRunner static constructor.
RoslynAnalysisRunner will not be running.
RoslynAnalysisRunner has terminated.
Mono: successfully reloaded assembly
- Completed reload, in  1.089 seconds
Platform modules already initialized, skipping
Refreshing native plugins compatible for Editor in 0.60 ms, found 3 plugins.
Preloading 0 native plugins for Editor in 0.00 ms.
Unloading 2188 Unused Serialized files (Serialized files now loaded: 0)
System memory in use before: 98.3 MB.
System memory in use after: 98.4 MB.

Unloading 14 unused Assets to reduce memory usage. Loaded Objects now: 2678.
Total: 2.965600 ms (FindLiveObjects: 0.369400 ms CreateObjectMapping: 0.059900 ms MarkObjects: 2.504500 ms  DeleteObjects: 0.029900 ms)

========================================================================
Received Prepare
Registering precompiled user dll's ...
Registered in 0.003636 seconds.
Begin MonoManager ReloadAssembly
Native extension for WindowsStandalone target not found
Refreshing native plugins compatible for Editor in 0.96 ms, found 3 plugins.
Preloading 0 native plugins for Editor in 0.00 ms.
Invoked RoslynAnalysisRunner static constructor.
RoslynAnalysisRunner will not be running.
RoslynAnalysisRunner has terminated.
Mono: successfully reloaded assembly
- Completed reload, in  1.114 seconds
Platform modules already initialized, skipping
Refreshing native plugins compatible for Editor in 0.96 ms, found 3 plugins.
Preloading 0 native plugins for Editor in 0.00 ms.
Unloading 2188 Unused Serialized files (Serialized files now loaded: 0)
System memory in use before: 98.3 MB.
System memory in use after: 98.4 MB.

Unloading 14 unused Assets to reduce memory usage. Loaded Objects now: 2680.
Total: 2.724400 ms (FindLiveObjects: 0.296000 ms CreateObjectMapping: 0.057800 ms MarkObjects: 2.340700 ms  DeleteObjects: 0.028100 ms)

========================================================================
Received Prepare
Registering precompiled user dll's ...
Registered in 0.003916 seconds.
Begin MonoManager ReloadAssembly
Native extension for WindowsStandalone target not found
Refreshing native plugins compatible for Editor in 0.62 ms, found 3 plugins.
Preloading 0 native plugins for Editor in 0.00 ms.
Invoked RoslynAnalysisRunner static constructor.
RoslynAnalysisRunner will not be running.
RoslynAnalysisRunner has terminated.
Mono: successfully reloaded assembly
- Completed reload, in  1.054 seconds
Platform modules already initialized, skipping
Refreshing native plugins compatible for Editor in 0.55 ms, found 3 plugins.
Preloading 0 native plugins for Editor in 0.00 ms.
Unloading 2188 Unused Serialized files (Serialized files now loaded: 0)
System memory in use before: 98.3 MB.
System memory in use after: 98.4 MB.

Unloading 14 unused Assets to reduce memory usage. Loaded Objects now: 2682.
Total: 3.087800 ms (FindLiveObjects: 0.381900 ms CreateObjectMapping: 0.059500 ms MarkObjects: 2.615600 ms  DeleteObjects: 0.028500 ms)

========================================================================
Received Prepare
Registering precompiled user dll's ...
Registered in 0.003815 seconds.
Begin MonoManager ReloadAssembly
Native extension for WindowsStandalone target not found
Refreshing native plugins compatible for Editor in 0.64 ms, found 3 plugins.
Preloading 0 native plugins for Editor in 0.00 ms.
Invoked RoslynAnalysisRunner static constructor.
RoslynAnalysisRunner will not be running.
RoslynAnalysisRunner has terminated.
Mono: successfully reloaded assembly
- Completed reload, in  1.079 seconds
Platform modules already initialized, skipping
Refreshing native plugins compatible for Editor in 0.58 ms, found 3 plugins.
Preloading 0 native plugins for Editor in 0.00 ms.
Unloading 2188 Unused Serialized files (Serialized files now loaded: 0)
System memory in use before: 98.3 MB.
System memory in use after: 98.4 MB.

Unloading 14 unused Assets to reduce memory usage. Loaded Objects now: 2684.
Total: 2.514700 ms (FindLiveObjects: 0.314200 ms CreateObjectMapping: 0.053700 ms MarkObjects: 2.122900 ms  DeleteObjects: 0.022600 ms)

AssetImportWorkerClient::OnTransportError - code=2 error=End of file
