Using pre-set license
Built from '2020.3/release' branch; Version is '2020.3.2f1 (8fd9074bf66c) revision 9427207'; Using compiler version '192528614'; Build Type 'Release'
OS: 'Windows 10 Pro; OS build 19044.1586; Version 2009; 64bit' Language: 'pl' Physical Memory: 32718 MB
BatchMode: 1, IsHumanControllingUs: 0, StartBugReporterOnCrash: 0, Is64bit: 1, IsPro: 0

 COMMAND LINE ARGUMENTS:
C:\Program Files\Unity\Hub\Editor\2020.3.2f1\Editor\Unity.exe
-adb2
-batchMode
-noUpm
-name
AssetImportWorker0
-projectPath
C:/Users/Skill100/source/repos/uNITY/Zajecia/Lato22/RunRunSat
-logFile
Logs/AssetImportWorker0.log
-srvPort
6372
Successfully changed project path to: C:/Users/Skill100/source/repos/uNITY/Zajecia/Lato22/RunRunSat
C:/Users/Skill100/source/repos/uNITY/Zajecia/Lato22/RunRunSat
Using Asset Import Pipeline V2.
Refreshing native plugins compatible for Editor in 49.81 ms, found 3 plugins.
Preloading 0 native plugins for Editor in 0.00 ms.
Initialize engine version: 2020.3.2f1 (8fd9074bf66c)
[Subsystems] Discovering subsystems at path C:/Program Files/Unity/Hub/Editor/2020.3.2f1/Editor/Data/Resources/UnitySubsystems
[Subsystems] Discovering subsystems at path C:/Users/Skill100/source/repos/uNITY/Zajecia/Lato22/RunRunSat/Assets
GfxDevice: creating device client; threaded=0
Direct3D:
    Version:  Direct3D 11.0 [level 11.1]
    Renderer: Radeon RX 5500 XT (ID=0x7340)
    Vendor:   
    VRAM:     8151 MB
    Driver:   30.0.14029.1011
Initialize mono
Mono path[0] = 'C:/Program Files/Unity/Hub/Editor/2020.3.2f1/Editor/Data/Managed'
Mono path[1] = 'C:/Program Files/Unity/Hub/Editor/2020.3.2f1/Editor/Data/MonoBleedingEdge/lib/mono/unityjit'
Mono config path = 'C:/Program Files/Unity/Hub/Editor/2020.3.2f1/Editor/Data/MonoBleedingEdge/etc'
Using monoOptions --debugger-agent=transport=dt_socket,embedding=1,server=y,suspend=n,address=127.0.0.1:56852
Begin MonoManager ReloadAssembly
Registering precompiled unity dll's ...
Register platform support module: C:/Program Files/Unity/Hub/Editor/2020.3.2f1/Editor/Data/PlaybackEngines/WindowsStandaloneSupport/UnityEditor.WindowsStandalone.Extensions.dll
Registered in 0.003318 seconds.
Native extension for WindowsStandalone target not found
Refreshing native plugins compatible for Editor in 49.70 ms, found 3 plugins.
Preloading 0 native plugins for Editor in 0.00 ms.
Invoked RoslynAnalysisRunner static constructor.
RoslynAnalysisRunner will not be running.
RoslynAnalysisRunner has terminated.
Mono: successfully reloaded assembly
- Completed reload, in  2.308 seconds
Platform modules already initialized, skipping
Registering precompiled user dll's ...
Registered in 0.004493 seconds.
Begin MonoManager ReloadAssembly
Native extension for WindowsStandalone target not found
Refreshing native plugins compatible for Editor in 48.05 ms, found 3 plugins.
Preloading 0 native plugins for Editor in 0.00 ms.
Invoked RoslynAnalysisRunner static constructor.
RoslynAnalysisRunner will not be running.
RoslynAnalysisRunner has terminated.
Mono: successfully reloaded assembly
- Completed reload, in  1.286 seconds
Platform modules already initialized, skipping
========================================================================
Worker process is ready to serve import requests
Launched and connected shader compiler UnityShaderCompiler.exe after 0.05 seconds
Refreshing native plugins compatible for Editor in 0.58 ms, found 3 plugins.
Preloading 0 native plugins for Editor in 0.00 ms.
Unloading 2199 Unused Serialized files (Serialized files now loaded: 0)
System memory in use before: 95.9 MB.
System memory in use after: 96.0 MB.

Unloading 25 unused Assets to reduce memory usage. Loaded Objects now: 2637.
Total: 3.904600 ms (FindLiveObjects: 0.577700 ms CreateObjectMapping: 0.121400 ms MarkObjects: 3.110400 ms  DeleteObjects: 0.093600 ms)

========================================================================
Received Import Request.
  path: Assets/Prefabs/Ground1.prefab
  artifactKey: Guid(f335229a99b45a54c92db28495dc1675) Importer(815301076,1909f56bfc062723c751e8b465ee728b)
Start importing Assets/Prefabs/Ground1.prefab using Guid(f335229a99b45a54c92db28495dc1675) Importer(815301076,1909f56bfc062723c751e8b465ee728b)  -> (artifact id: 'a0559e134e8259dc4f2feeaaa10f8fe5') in 0.123866 seconds
  Import took 0.128108 seconds .

========================================================================
Received Import Request.
  Time since last request: 12.718207 seconds.
  path: Assets/Prefabs/Ground1.prefab
  artifactKey: Guid(f335229a99b45a54c92db28495dc1675) Importer(815301076,1909f56bfc062723c751e8b465ee728b)
Start importing Assets/Prefabs/Ground1.prefab using Guid(f335229a99b45a54c92db28495dc1675) Importer(815301076,1909f56bfc062723c751e8b465ee728b)  -> (artifact id: '42aaf509d80245608f102d537e77f168') in 0.020143 seconds
  Import took 0.024265 seconds .

========================================================================
Received Import Request.
  Time since last request: 0.792262 seconds.
  path: Assets/Prefabs/Ground1.prefab
  artifactKey: Guid(f335229a99b45a54c92db28495dc1675) Importer(815301076,1909f56bfc062723c751e8b465ee728b)
Start importing Assets/Prefabs/Ground1.prefab using Guid(f335229a99b45a54c92db28495dc1675) Importer(815301076,1909f56bfc062723c751e8b465ee728b)  -> (artifact id: 'e8a730ab06f3fb7d5cdcfd61e30c795e') in 0.020698 seconds
  Import took 0.024966 seconds .

========================================================================
Received Import Request.
  Time since last request: 17.552357 seconds.
  path: Assets/Prefabs/Ground1.prefab
  artifactKey: Guid(f335229a99b45a54c92db28495dc1675) Importer(815301076,1909f56bfc062723c751e8b465ee728b)
Start importing Assets/Prefabs/Ground1.prefab using Guid(f335229a99b45a54c92db28495dc1675) Importer(815301076,1909f56bfc062723c751e8b465ee728b)  -> (artifact id: '8f72ed5976ac658086d37a67a792da5d') in 0.012866 seconds
  Import took 0.016759 seconds .

========================================================================
Received Import Request.
  Time since last request: 32.141733 seconds.
  path: Assets/Script/WorldScroller.cs
  artifactKey: Guid(2316f25b604496046b3d7c9d8b7fb7cf) Importer(815301076,1909f56bfc062723c751e8b465ee728b)
Start importing Assets/Script/WorldScroller.cs using Guid(2316f25b604496046b3d7c9d8b7fb7cf) Importer(815301076,1909f56bfc062723c751e8b465ee728b)  -> (artifact id: '93f7e580a3fb78b0c7effecb5ffdb6bb') in 0.013034 seconds
  Import took 0.016663 seconds .

========================================================================
Received Import Request.
  Time since last request: 39.686006 seconds.
  path: Assets/Prefabs/Ground1.prefab
  artifactKey: Guid(f335229a99b45a54c92db28495dc1675) Importer(815301076,1909f56bfc062723c751e8b465ee728b)
Start importing Assets/Prefabs/Ground1.prefab using Guid(f335229a99b45a54c92db28495dc1675) Importer(815301076,1909f56bfc062723c751e8b465ee728b)  -> (artifact id: '06fae60b2be7b851fa3cb1e7065bd58e') in 0.013164 seconds
  Import took 0.017165 seconds .

========================================================================
Received Import Request.
  Time since last request: 18.362304 seconds.
  path: Assets/Prefabs/Ground1.prefab
  artifactKey: Guid(f335229a99b45a54c92db28495dc1675) Importer(815301076,1909f56bfc062723c751e8b465ee728b)
Start importing Assets/Prefabs/Ground1.prefab using Guid(f335229a99b45a54c92db28495dc1675) Importer(815301076,1909f56bfc062723c751e8b465ee728b)  -> (artifact id: '989e9a86ba2b2ba2de16a14c96ef1edb') in 0.015528 seconds
  Import took 0.020046 seconds .

========================================================================
Received Import Request.
  Time since last request: 3.824075 seconds.
  path: Assets/Prefabs/Ground1.prefab
  artifactKey: Guid(f335229a99b45a54c92db28495dc1675) Importer(815301076,1909f56bfc062723c751e8b465ee728b)
Start importing Assets/Prefabs/Ground1.prefab using Guid(f335229a99b45a54c92db28495dc1675) Importer(815301076,1909f56bfc062723c751e8b465ee728b)  -> (artifact id: 'cf38285d4e137556e75f00249416d036') in 0.014206 seconds
  Import took 0.018116 seconds .

========================================================================
Received Import Request.
  Time since last request: 156.444799 seconds.
  path: Assets/Prefabs/Ground2.prefab
  artifactKey: Guid(bf2923858c5183c4e97d20fc694a6d47) Importer(815301076,1909f56bfc062723c751e8b465ee728b)
Start importing Assets/Prefabs/Ground2.prefab using Guid(bf2923858c5183c4e97d20fc694a6d47) Importer(815301076,1909f56bfc062723c751e8b465ee728b)  -> (artifact id: '02426a672520adb8a91fa3aabc7e3089') in 0.014435 seconds
  Import took 0.018499 seconds .

========================================================================
Received Import Request.
  Time since last request: 34.664846 seconds.
  path: Assets/Prefabs/Ground2.prefab
  artifactKey: Guid(bf2923858c5183c4e97d20fc694a6d47) Importer(815301076,1909f56bfc062723c751e8b465ee728b)
Start importing Assets/Prefabs/Ground2.prefab using Guid(bf2923858c5183c4e97d20fc694a6d47) Importer(815301076,1909f56bfc062723c751e8b465ee728b)  -> (artifact id: '270e0bb13d0909391c1a1259d56d1fc5') in 0.011943 seconds
  Import took 0.016144 seconds .

========================================================================
Received Import Request.
  Time since last request: 1.575473 seconds.
  path: Assets/Prefabs/Ground2.prefab
  artifactKey: Guid(bf2923858c5183c4e97d20fc694a6d47) Importer(815301076,1909f56bfc062723c751e8b465ee728b)
Start importing Assets/Prefabs/Ground2.prefab using Guid(bf2923858c5183c4e97d20fc694a6d47) Importer(815301076,1909f56bfc062723c751e8b465ee728b)  -> (artifact id: '5ad3b29eba6ea59a69ee4af54b80075e') in 0.011039 seconds
  Import took 0.015377 seconds .

========================================================================
Received Import Request.
  Time since last request: 122.801023 seconds.
  path: Assets/Prefabs/Ground3.prefab
  artifactKey: Guid(00dd3da4d73ea9547bcbd28a0533b5a6) Importer(815301076,1909f56bfc062723c751e8b465ee728b)
Start importing Assets/Prefabs/Ground3.prefab using Guid(00dd3da4d73ea9547bcbd28a0533b5a6) Importer(815301076,1909f56bfc062723c751e8b465ee728b)  -> (artifact id: 'c27c46e4d7775e1c40ce63007a32cea7') in 0.013811 seconds
  Import took 0.017812 seconds .

========================================================================
Received Import Request.
  Time since last request: 5.461902 seconds.
  path: Assets/Prefabs/Ground3.prefab
  artifactKey: Guid(00dd3da4d73ea9547bcbd28a0533b5a6) Importer(815301076,1909f56bfc062723c751e8b465ee728b)
Start importing Assets/Prefabs/Ground3.prefab using Guid(00dd3da4d73ea9547bcbd28a0533b5a6) Importer(815301076,1909f56bfc062723c751e8b465ee728b)  -> (artifact id: 'a12569c7fcbbb5719330792ab2efd248') in 0.014694 seconds
  Import took 0.018685 seconds .

========================================================================
Received Import Request.
  Time since last request: 0.000260 seconds.
  path: Assets/Prefabs/Obstacle.prefab
  artifactKey: Guid(eaafed737dd6f0842bfbd321edefb49e) Importer(815301076,1909f56bfc062723c751e8b465ee728b)
Start importing Assets/Prefabs/Obstacle.prefab using Guid(eaafed737dd6f0842bfbd321edefb49e) Importer(815301076,1909f56bfc062723c751e8b465ee728b)  -> (artifact id: '3bf5074ce39915fbcd5240f8b9278e46') in 0.011690 seconds
  Import took 0.015732 seconds .

========================================================================
Received Prepare
Registering precompiled user dll's ...
Registered in 0.004134 seconds.
Begin MonoManager ReloadAssembly
Native extension for WindowsStandalone target not found
Refreshing native plugins compatible for Editor in 0.66 ms, found 3 plugins.
Preloading 0 native plugins for Editor in 0.00 ms.
Invoked RoslynAnalysisRunner static constructor.
RoslynAnalysisRunner will not be running.
RoslynAnalysisRunner has terminated.
Mono: successfully reloaded assembly
- Completed reload, in  1.145 seconds
Platform modules already initialized, skipping
Refreshing native plugins compatible for Editor in 0.56 ms, found 3 plugins.
Preloading 0 native plugins for Editor in 0.00 ms.
Unloading 2188 Unused Serialized files (Serialized files now loaded: 0)
System memory in use before: 98.2 MB.
System memory in use after: 98.4 MB.

Unloading 14 unused Assets to reduce memory usage. Loaded Objects now: 2646.
Total: 2.619100 ms (FindLiveObjects: 0.333800 ms CreateObjectMapping: 0.056500 ms MarkObjects: 2.204500 ms  DeleteObjects: 0.021800 ms)

========================================================================
Received Import Request.
  Time since last request: 494.281803 seconds.
  path: Assets/Prefabs/Ground3 1.prefab
  artifactKey: Guid(c773aa464ebf71346853be5c0de85a88) Importer(815301076,1909f56bfc062723c751e8b465ee728b)
Start importing Assets/Prefabs/Ground3 1.prefab using Guid(c773aa464ebf71346853be5c0de85a88) Importer(815301076,1909f56bfc062723c751e8b465ee728b)  -> (artifact id: 'c117868ddfc6c4f12b9114effdb20da8') in 0.064806 seconds
  Import took 0.069553 seconds .

========================================================================
Received Import Request.
  Time since last request: 7.950813 seconds.
  path: Assets/Prefabs/Ground4.prefab
  artifactKey: Guid(c773aa464ebf71346853be5c0de85a88) Importer(815301076,1909f56bfc062723c751e8b465ee728b)
Start importing Assets/Prefabs/Ground4.prefab using Guid(c773aa464ebf71346853be5c0de85a88) Importer(815301076,1909f56bfc062723c751e8b465ee728b)  -> (artifact id: '86530c237d648419c1a5572bcbbb10a3') in 0.015715 seconds
  Import took 0.019403 seconds .

========================================================================
Received Import Request.
  Time since last request: 0.008454 seconds.
  path: Assets/Prefabs/Ground4.prefab
  artifactKey: Guid(c773aa464ebf71346853be5c0de85a88) Importer(815301076,1909f56bfc062723c751e8b465ee728b)
Start importing Assets/Prefabs/Ground4.prefab using Guid(c773aa464ebf71346853be5c0de85a88) Importer(815301076,1909f56bfc062723c751e8b465ee728b)  -> (artifact id: '86530c237d648419c1a5572bcbbb10a3') in 0.013080 seconds
  Import took 0.016983 seconds .

========================================================================
Received Import Request.
  Time since last request: 79.308337 seconds.
  path: Assets/Prefabs/Ground4.prefab
  artifactKey: Guid(c773aa464ebf71346853be5c0de85a88) Importer(815301076,1909f56bfc062723c751e8b465ee728b)
Start importing Assets/Prefabs/Ground4.prefab using Guid(c773aa464ebf71346853be5c0de85a88) Importer(815301076,1909f56bfc062723c751e8b465ee728b)  -> (artifact id: '605b2a210c6f0b8edee71536cd2d3144') in 0.015534 seconds
  Import took 0.020308 seconds .

========================================================================
Received Import Request.
  Time since last request: 3.472886 seconds.
  path: Assets/Prefabs/Ground4.prefab
  artifactKey: Guid(c773aa464ebf71346853be5c0de85a88) Importer(815301076,1909f56bfc062723c751e8b465ee728b)
Start importing Assets/Prefabs/Ground4.prefab using Guid(c773aa464ebf71346853be5c0de85a88) Importer(815301076,1909f56bfc062723c751e8b465ee728b)  -> (artifact id: '3300bf367e12c520ed8c46d7343a35be') in 0.014299 seconds
  Import took 0.018126 seconds .

========================================================================
Received Import Request.
  Time since last request: 0.789292 seconds.
  path: Assets/Prefabs/Ground4.prefab
  artifactKey: Guid(c773aa464ebf71346853be5c0de85a88) Importer(815301076,1909f56bfc062723c751e8b465ee728b)
Start importing Assets/Prefabs/Ground4.prefab using Guid(c773aa464ebf71346853be5c0de85a88) Importer(815301076,1909f56bfc062723c751e8b465ee728b)  -> (artifact id: '3c0768b94baf5c63a8b6e65d53e35c16') in 0.010953 seconds
  Import took 0.014960 seconds .

========================================================================
Received Import Request.
  Time since last request: 5.222643 seconds.
  path: Assets/Prefabs/Ground4.prefab
  artifactKey: Guid(c773aa464ebf71346853be5c0de85a88) Importer(815301076,1909f56bfc062723c751e8b465ee728b)
Start importing Assets/Prefabs/Ground4.prefab using Guid(c773aa464ebf71346853be5c0de85a88) Importer(815301076,1909f56bfc062723c751e8b465ee728b)  -> (artifact id: 'b2ed0df1ae6e3c6754ef2fe0f7c9ab03') in 0.012726 seconds
  Import took 0.016972 seconds .

========================================================================
Received Import Request.
  Time since last request: 5.627170 seconds.
  path: Assets/Prefabs/Ground4.prefab
  artifactKey: Guid(c773aa464ebf71346853be5c0de85a88) Importer(815301076,1909f56bfc062723c751e8b465ee728b)
Start importing Assets/Prefabs/Ground4.prefab using Guid(c773aa464ebf71346853be5c0de85a88) Importer(815301076,1909f56bfc062723c751e8b465ee728b)  -> (artifact id: 'f570ba3fe324295cb59e8e94353b13cc') in 0.012733 seconds
  Import took 0.016478 seconds .

========================================================================
Received Import Request.
  Time since last request: 8.683875 seconds.
  path: Assets/Prefabs/Ground4.prefab
  artifactKey: Guid(c773aa464ebf71346853be5c0de85a88) Importer(815301076,1909f56bfc062723c751e8b465ee728b)
Start importing Assets/Prefabs/Ground4.prefab using Guid(c773aa464ebf71346853be5c0de85a88) Importer(815301076,1909f56bfc062723c751e8b465ee728b)  -> (artifact id: 'd3fda87a71d9042c2ce69f3af57b04b6') in 0.016846 seconds
  Import took 0.021359 seconds .

========================================================================
Received Prepare
Registering precompiled user dll's ...
Registered in 0.004211 seconds.
Begin MonoManager ReloadAssembly
Native extension for WindowsStandalone target not found
Refreshing native plugins compatible for Editor in 0.50 ms, found 3 plugins.
Preloading 0 native plugins for Editor in 0.00 ms.
Invoked RoslynAnalysisRunner static constructor.
RoslynAnalysisRunner will not be running.
RoslynAnalysisRunner has terminated.
Mono: successfully reloaded assembly
- Completed reload, in  1.118 seconds
Platform modules already initialized, skipping
Refreshing native plugins compatible for Editor in 0.50 ms, found 3 plugins.
Preloading 0 native plugins for Editor in 0.00 ms.
Unloading 2188 Unused Serialized files (Serialized files now loaded: 0)
System memory in use before: 98.3 MB.
System memory in use after: 98.4 MB.

Unloading 14 unused Assets to reduce memory usage. Loaded Objects now: 2649.
Total: 2.871800 ms (FindLiveObjects: 0.436900 ms CreateObjectMapping: 0.069800 ms MarkObjects: 2.339300 ms  DeleteObjects: 0.024000 ms)

========================================================================
Received Import Request.
  Time since last request: 1045.699341 seconds.
  path: Assets/Prefabs/Ground3.prefab
  artifactKey: Guid(00dd3da4d73ea9547bcbd28a0533b5a6) Importer(815301076,1909f56bfc062723c751e8b465ee728b)
Start importing Assets/Prefabs/Ground3.prefab using Guid(00dd3da4d73ea9547bcbd28a0533b5a6) Importer(815301076,1909f56bfc062723c751e8b465ee728b)  -> (artifact id: '6ce659254162815f81430fd375ea6182') in 0.062551 seconds
  Import took 0.066233 seconds .

========================================================================
Received Import Request.
  Time since last request: 2.924367 seconds.
  path: Assets/Prefabs/Ground3.prefab
  artifactKey: Guid(00dd3da4d73ea9547bcbd28a0533b5a6) Importer(815301076,1909f56bfc062723c751e8b465ee728b)
Start importing Assets/Prefabs/Ground3.prefab using Guid(00dd3da4d73ea9547bcbd28a0533b5a6) Importer(815301076,1909f56bfc062723c751e8b465ee728b)  -> (artifact id: 'd7af0e7c029acba425290408ff201637') in 0.013846 seconds
  Import took 0.018037 seconds .

========================================================================
Received Import Request.
  Time since last request: 497.991183 seconds.
  path: Assets/Prefabs/Ground3.prefab
  artifactKey: Guid(00dd3da4d73ea9547bcbd28a0533b5a6) Importer(815301076,1909f56bfc062723c751e8b465ee728b)
Start importing Assets/Prefabs/Ground3.prefab using Guid(00dd3da4d73ea9547bcbd28a0533b5a6) Importer(815301076,1909f56bfc062723c751e8b465ee728b)  -> (artifact id: 'e9fea59085394fbbd34865e26bda25de') in 0.016937 seconds
  Import took 0.021401 seconds .

========================================================================
Received Import Request.
  Time since last request: 109.565178 seconds.
  path: Assets/Animations/Obstacle.controller
  artifactKey: Guid(48b1f36e8eccb2645ba9810cabcb6a1d) Importer(815301076,1909f56bfc062723c751e8b465ee728b)
Start importing Assets/Animations/Obstacle.controller using Guid(48b1f36e8eccb2645ba9810cabcb6a1d) Importer(815301076,1909f56bfc062723c751e8b465ee728b)  -> (artifact id: '3ee0c470dc9570794e20c1b7b4cc8730') in 0.007032 seconds
  Import took 0.011209 seconds .

========================================================================
Received Import Request.
  Time since last request: 8.747516 seconds.
  path: Assets/Animations/ObstacleUpDown.anim
  artifactKey: Guid(324cb712de9c79342a81cf953639b3e4) Importer(815301076,1909f56bfc062723c751e8b465ee728b)
Start importing Assets/Animations/ObstacleUpDown.anim using Guid(324cb712de9c79342a81cf953639b3e4) Importer(815301076,1909f56bfc062723c751e8b465ee728b)  -> (artifact id: '72e2f1d2fd527ef1c9149eab65a882a0') in 0.011360 seconds
  Import took 0.015175 seconds .

========================================================================
Received Import Request.
  Time since last request: 0.873656 seconds.
  path: Assets/Animations/PlayerRun.anim
  artifactKey: Guid(02335a29d80285144b448dcf5d44e4f5) Importer(815301076,1909f56bfc062723c751e8b465ee728b)
Start importing Assets/Animations/PlayerRun.anim using Guid(02335a29d80285144b448dcf5d44e4f5) Importer(815301076,1909f56bfc062723c751e8b465ee728b)  -> (artifact id: '18a91503d609dd98786898d6c75f7084') in 0.009841 seconds
  Import took 0.013935 seconds .

========================================================================
Received Import Request.
  Time since last request: 733.475290 seconds.
  path: Assets/Prefabs/Ground3.prefab
  artifactKey: Guid(00dd3da4d73ea9547bcbd28a0533b5a6) Importer(815301076,1909f56bfc062723c751e8b465ee728b)
Start importing Assets/Prefabs/Ground3.prefab using Guid(00dd3da4d73ea9547bcbd28a0533b5a6) Importer(815301076,1909f56bfc062723c751e8b465ee728b)  -> (artifact id: 'a90bd680df939d23c9131a8ba6511e4e') in 0.021767 seconds
  Import took 0.026370 seconds .

========================================================================
Received Import Request.
  Time since last request: 0.000231 seconds.
  path: Assets/Prefabs/Obstacle.prefab
  artifactKey: Guid(eaafed737dd6f0842bfbd321edefb49e) Importer(815301076,1909f56bfc062723c751e8b465ee728b)
Start importing Assets/Prefabs/Obstacle.prefab using Guid(eaafed737dd6f0842bfbd321edefb49e) Importer(815301076,1909f56bfc062723c751e8b465ee728b)  -> (artifact id: '5c55ab76c9030ed3860740aa6e0f0855') in 0.016229 seconds
  Import took 0.019757 seconds .

========================================================================
Received Import Request.
  Time since last request: 0.000309 seconds.
  path: Assets/Prefabs/Ground4.prefab
  artifactKey: Guid(c773aa464ebf71346853be5c0de85a88) Importer(815301076,1909f56bfc062723c751e8b465ee728b)
Start importing Assets/Prefabs/Ground4.prefab using Guid(c773aa464ebf71346853be5c0de85a88) Importer(815301076,1909f56bfc062723c751e8b465ee728b)  -> (artifact id: '4d8bfd3af39dc60dc81464adeabc28d0') in 0.017591 seconds
  Import took 0.021267 seconds .

========================================================================
Received Import Request.
  Time since last request: 16.125001 seconds.
  path: Assets/Prefabs/Ground3.prefab
  artifactKey: Guid(00dd3da4d73ea9547bcbd28a0533b5a6) Importer(815301076,1909f56bfc062723c751e8b465ee728b)
Start importing Assets/Prefabs/Ground3.prefab using Guid(00dd3da4d73ea9547bcbd28a0533b5a6) Importer(815301076,1909f56bfc062723c751e8b465ee728b)  -> (artifact id: 'f9c6545137db91c2a72880bae25e7ad8') in 0.014897 seconds
  Import took 0.018733 seconds .

========================================================================
Received Import Request.
  Time since last request: 0.000255 seconds.
  path: Assets/Prefabs/Obstacle.prefab
  artifactKey: Guid(eaafed737dd6f0842bfbd321edefb49e) Importer(815301076,1909f56bfc062723c751e8b465ee728b)
Start importing Assets/Prefabs/Obstacle.prefab using Guid(eaafed737dd6f0842bfbd321edefb49e) Importer(815301076,1909f56bfc062723c751e8b465ee728b)  -> (artifact id: 'd8ce4a6d76f3002d1b0379cc88912a90') in 0.013508 seconds
  Import took 0.017633 seconds .

========================================================================
Received Import Request.
  Time since last request: 0.000189 seconds.
  path: Assets/Prefabs/Ground4.prefab
  artifactKey: Guid(c773aa464ebf71346853be5c0de85a88) Importer(815301076,1909f56bfc062723c751e8b465ee728b)
Start importing Assets/Prefabs/Ground4.prefab using Guid(c773aa464ebf71346853be5c0de85a88) Importer(815301076,1909f56bfc062723c751e8b465ee728b)  -> (artifact id: 'ccdd9bdf2ec6447a33b41e24e2f2ffb6') in 0.015389 seconds
  Import took 0.019388 seconds .

========================================================================
Received Import Request.
  Time since last request: 21.311119 seconds.
  path: Assets/Prefabs/Ground3.prefab
  artifactKey: Guid(00dd3da4d73ea9547bcbd28a0533b5a6) Importer(815301076,1909f56bfc062723c751e8b465ee728b)
Start importing Assets/Prefabs/Ground3.prefab using Guid(00dd3da4d73ea9547bcbd28a0533b5a6) Importer(815301076,1909f56bfc062723c751e8b465ee728b)  -> (artifact id: '9e054a827becc4855207f3699fb4a104') in 0.012542 seconds
  Import took 0.016868 seconds .

========================================================================
Received Import Request.
  Time since last request: 0.000260 seconds.
  path: Assets/Prefabs/Obstacle.prefab
  artifactKey: Guid(eaafed737dd6f0842bfbd321edefb49e) Importer(815301076,1909f56bfc062723c751e8b465ee728b)
Start importing Assets/Prefabs/Obstacle.prefab using Guid(eaafed737dd6f0842bfbd321edefb49e) Importer(815301076,1909f56bfc062723c751e8b465ee728b)  -> (artifact id: 'f82e37f3d46e3570f4ce863c23d77fa1') in 0.014780 seconds
  Import took 0.018543 seconds .

========================================================================
Received Import Request.
  Time since last request: 0.000205 seconds.
  path: Assets/Prefabs/Ground4.prefab
  artifactKey: Guid(c773aa464ebf71346853be5c0de85a88) Importer(815301076,1909f56bfc062723c751e8b465ee728b)
Start importing Assets/Prefabs/Ground4.prefab using Guid(c773aa464ebf71346853be5c0de85a88) Importer(815301076,1909f56bfc062723c751e8b465ee728b)  -> (artifact id: '692a898226c968058194778b779390de') in 0.011506 seconds
  Import took 0.014720 seconds .

========================================================================
Received Import Request.
  Time since last request: 0.155242 seconds.
  path: Assets/Prefabs/Ground3.prefab
  artifactKey: Guid(00dd3da4d73ea9547bcbd28a0533b5a6) Importer(815301076,1909f56bfc062723c751e8b465ee728b)
Start importing Assets/Prefabs/Ground3.prefab using Guid(00dd3da4d73ea9547bcbd28a0533b5a6) Importer(815301076,1909f56bfc062723c751e8b465ee728b)  -> (artifact id: 'cbc41991a79ca7668bc35792952457f2') in 0.013455 seconds
  Import took 0.017467 seconds .

========================================================================
Received Import Request.
  Time since last request: 0.000287 seconds.
  path: Assets/Prefabs/Obstacle.prefab
  artifactKey: Guid(eaafed737dd6f0842bfbd321edefb49e) Importer(815301076,1909f56bfc062723c751e8b465ee728b)
Start importing Assets/Prefabs/Obstacle.prefab using Guid(eaafed737dd6f0842bfbd321edefb49e) Importer(815301076,1909f56bfc062723c751e8b465ee728b)  -> (artifact id: 'fcb19cea8eaf28dde97a2884d11f2eb1') in 0.013266 seconds
  Import took 0.017899 seconds .

========================================================================
Received Import Request.
  Time since last request: 0.000317 seconds.
  path: Assets/Prefabs/Ground4.prefab
  artifactKey: Guid(c773aa464ebf71346853be5c0de85a88) Importer(815301076,1909f56bfc062723c751e8b465ee728b)
Start importing Assets/Prefabs/Ground4.prefab using Guid(c773aa464ebf71346853be5c0de85a88) Importer(815301076,1909f56bfc062723c751e8b465ee728b)  -> (artifact id: 'f36298a17bce80ea22298ea6feac0c90') in 0.011992 seconds
  Import took 0.016030 seconds .

========================================================================
Received Import Request.
  Time since last request: 10.475864 seconds.
  path: Assets/Prefabs/Ground3.prefab
  artifactKey: Guid(00dd3da4d73ea9547bcbd28a0533b5a6) Importer(815301076,1909f56bfc062723c751e8b465ee728b)
Start importing Assets/Prefabs/Ground3.prefab using Guid(00dd3da4d73ea9547bcbd28a0533b5a6) Importer(815301076,1909f56bfc062723c751e8b465ee728b)  -> (artifact id: 'a538b259d44d1e14beb8ca59effffde5') in 0.015821 seconds
  Import took 0.020070 seconds .

========================================================================
Received Import Request.
  Time since last request: 0.000234 seconds.
  path: Assets/Prefabs/Obstacle.prefab
  artifactKey: Guid(eaafed737dd6f0842bfbd321edefb49e) Importer(815301076,1909f56bfc062723c751e8b465ee728b)
Start importing Assets/Prefabs/Obstacle.prefab using Guid(eaafed737dd6f0842bfbd321edefb49e) Importer(815301076,1909f56bfc062723c751e8b465ee728b)  -> (artifact id: '48418163f3fb5b8d264e17507c23b165') in 0.013168 seconds
  Import took 0.016750 seconds .

========================================================================
Received Import Request.
  Time since last request: 0.000188 seconds.
  path: Assets/Prefabs/Ground4.prefab
  artifactKey: Guid(c773aa464ebf71346853be5c0de85a88) Importer(815301076,1909f56bfc062723c751e8b465ee728b)
Start importing Assets/Prefabs/Ground4.prefab using Guid(c773aa464ebf71346853be5c0de85a88) Importer(815301076,1909f56bfc062723c751e8b465ee728b)  -> (artifact id: 'cf8325481eee9be9b562d937da969d08') in 0.012401 seconds
  Import took 0.015643 seconds .

========================================================================
Received Import Request.
  Time since last request: 7.846369 seconds.
  path: Assets/Prefabs/Ground3.prefab
  artifactKey: Guid(00dd3da4d73ea9547bcbd28a0533b5a6) Importer(815301076,1909f56bfc062723c751e8b465ee728b)
Start importing Assets/Prefabs/Ground3.prefab using Guid(00dd3da4d73ea9547bcbd28a0533b5a6) Importer(815301076,1909f56bfc062723c751e8b465ee728b)  -> (artifact id: '40143a4a4ea3ee72c0a72518d305a96a') in 0.018400 seconds
  Import took 0.022403 seconds .

========================================================================
Received Import Request.
  Time since last request: 0.000327 seconds.
  path: Assets/Prefabs/Obstacle.prefab
  artifactKey: Guid(eaafed737dd6f0842bfbd321edefb49e) Importer(815301076,1909f56bfc062723c751e8b465ee728b)
Start importing Assets/Prefabs/Obstacle.prefab using Guid(eaafed737dd6f0842bfbd321edefb49e) Importer(815301076,1909f56bfc062723c751e8b465ee728b)  -> (artifact id: '398adffe7262ea0fbb4f91a9d2edb541') in 0.013557 seconds
  Import took 0.017761 seconds .

========================================================================
Received Import Request.
  Time since last request: 0.000318 seconds.
  path: Assets/Prefabs/Ground4.prefab
  artifactKey: Guid(c773aa464ebf71346853be5c0de85a88) Importer(815301076,1909f56bfc062723c751e8b465ee728b)
Start importing Assets/Prefabs/Ground4.prefab using Guid(c773aa464ebf71346853be5c0de85a88) Importer(815301076,1909f56bfc062723c751e8b465ee728b)  -> (artifact id: '04b95e481d082b0e26a3a136a28a3d62') in 0.013341 seconds
  Import took 0.017732 seconds .

========================================================================
Received Import Request.
  Time since last request: 1.359274 seconds.
  path: Assets/Prefabs/Ground3.prefab
  artifactKey: Guid(00dd3da4d73ea9547bcbd28a0533b5a6) Importer(815301076,1909f56bfc062723c751e8b465ee728b)
Start importing Assets/Prefabs/Ground3.prefab using Guid(00dd3da4d73ea9547bcbd28a0533b5a6) Importer(815301076,1909f56bfc062723c751e8b465ee728b)  -> (artifact id: 'c1fb44bce59713f8fae202ae4790effb') in 0.018942 seconds
  Import took 0.023627 seconds .

========================================================================
Received Import Request.
  Time since last request: 0.000336 seconds.
  path: Assets/Prefabs/Obstacle.prefab
  artifactKey: Guid(eaafed737dd6f0842bfbd321edefb49e) Importer(815301076,1909f56bfc062723c751e8b465ee728b)
Start importing Assets/Prefabs/Obstacle.prefab using Guid(eaafed737dd6f0842bfbd321edefb49e) Importer(815301076,1909f56bfc062723c751e8b465ee728b)  -> (artifact id: '0eeec0a7c779a36ede8f0411e9a50db6') in 0.013250 seconds
  Import took 0.017237 seconds .

========================================================================
Received Import Request.
  Time since last request: 0.000332 seconds.
  path: Assets/Prefabs/Ground4.prefab
  artifactKey: Guid(c773aa464ebf71346853be5c0de85a88) Importer(815301076,1909f56bfc062723c751e8b465ee728b)
Start importing Assets/Prefabs/Ground4.prefab using Guid(c773aa464ebf71346853be5c0de85a88) Importer(815301076,1909f56bfc062723c751e8b465ee728b)  -> (artifact id: '441e7fe1baa8f9eb640db3b3c9733578') in 0.013655 seconds
  Import took 0.017417 seconds .

========================================================================
Received Import Request.
  Time since last request: 2.784189 seconds.
  path: Assets/Prefabs/Ground3.prefab
  artifactKey: Guid(00dd3da4d73ea9547bcbd28a0533b5a6) Importer(815301076,1909f56bfc062723c751e8b465ee728b)
Start importing Assets/Prefabs/Ground3.prefab using Guid(00dd3da4d73ea9547bcbd28a0533b5a6) Importer(815301076,1909f56bfc062723c751e8b465ee728b)  -> (artifact id: 'c5cbd5c3ab4a75133a8c6aa2687266ad') in 0.015338 seconds
  Import took 0.019851 seconds .

========================================================================
Received Import Request.
  Time since last request: 0.000209 seconds.
  path: Assets/Prefabs/Obstacle.prefab
  artifactKey: Guid(eaafed737dd6f0842bfbd321edefb49e) Importer(815301076,1909f56bfc062723c751e8b465ee728b)
Start importing Assets/Prefabs/Obstacle.prefab using Guid(eaafed737dd6f0842bfbd321edefb49e) Importer(815301076,1909f56bfc062723c751e8b465ee728b)  -> (artifact id: 'cccf18371f0d4a460da900ed36f52f19') in 0.010089 seconds
  Import took 0.013723 seconds .

========================================================================
Received Import Request.
  Time since last request: 0.000286 seconds.
  path: Assets/Prefabs/Ground4.prefab
  artifactKey: Guid(c773aa464ebf71346853be5c0de85a88) Importer(815301076,1909f56bfc062723c751e8b465ee728b)
Start importing Assets/Prefabs/Ground4.prefab using Guid(c773aa464ebf71346853be5c0de85a88) Importer(815301076,1909f56bfc062723c751e8b465ee728b)  -> (artifact id: 'a94eb677ce03d7e2fb2f727917f08abf') in 0.013100 seconds
  Import took 0.017461 seconds .

========================================================================
Received Import Request.
  Time since last request: 6.427874 seconds.
  path: Assets/Prefabs/Ground3.prefab
  artifactKey: Guid(00dd3da4d73ea9547bcbd28a0533b5a6) Importer(815301076,1909f56bfc062723c751e8b465ee728b)
Start importing Assets/Prefabs/Ground3.prefab using Guid(00dd3da4d73ea9547bcbd28a0533b5a6) Importer(815301076,1909f56bfc062723c751e8b465ee728b)  -> (artifact id: '5db4291199c7974b2f43c4987dc6d111') in 0.011832 seconds
  Import took 0.015530 seconds .

========================================================================
Received Import Request.
  Time since last request: 0.000198 seconds.
  path: Assets/Prefabs/Obstacle.prefab
  artifactKey: Guid(eaafed737dd6f0842bfbd321edefb49e) Importer(815301076,1909f56bfc062723c751e8b465ee728b)
Start importing Assets/Prefabs/Obstacle.prefab using Guid(eaafed737dd6f0842bfbd321edefb49e) Importer(815301076,1909f56bfc062723c751e8b465ee728b)  -> (artifact id: '0d540b78e435d36e86ca707fd337d386') in 0.011322 seconds
  Import took 0.014803 seconds .

========================================================================
Received Import Request.
  Time since last request: 0.000232 seconds.
  path: Assets/Prefabs/Ground4.prefab
  artifactKey: Guid(c773aa464ebf71346853be5c0de85a88) Importer(815301076,1909f56bfc062723c751e8b465ee728b)
Start importing Assets/Prefabs/Ground4.prefab using Guid(c773aa464ebf71346853be5c0de85a88) Importer(815301076,1909f56bfc062723c751e8b465ee728b)  -> (artifact id: '1312766f42a0b5f7a6f96770a0dcb89e') in 0.014057 seconds
  Import took 0.017638 seconds .

========================================================================
Received Import Request.
  Time since last request: 4.409867 seconds.
  path: Assets/Prefabs/Ground3.prefab
  artifactKey: Guid(00dd3da4d73ea9547bcbd28a0533b5a6) Importer(815301076,1909f56bfc062723c751e8b465ee728b)
Start importing Assets/Prefabs/Ground3.prefab using Guid(00dd3da4d73ea9547bcbd28a0533b5a6) Importer(815301076,1909f56bfc062723c751e8b465ee728b)  -> (artifact id: 'ba048fb94813dac4d6d07971c7997c86') in 0.011965 seconds
  Import took 0.015838 seconds .

========================================================================
Received Import Request.
  Time since last request: 0.000385 seconds.
  path: Assets/Prefabs/Obstacle.prefab
  artifactKey: Guid(eaafed737dd6f0842bfbd321edefb49e) Importer(815301076,1909f56bfc062723c751e8b465ee728b)
Start importing Assets/Prefabs/Obstacle.prefab using Guid(eaafed737dd6f0842bfbd321edefb49e) Importer(815301076,1909f56bfc062723c751e8b465ee728b)  -> (artifact id: '3f17e546f55669b96ebfe2877564b709') in 0.013510 seconds
  Import took 0.018273 seconds .

========================================================================
Received Import Request.
  Time since last request: 0.000288 seconds.
  path: Assets/Prefabs/Ground4.prefab
  artifactKey: Guid(c773aa464ebf71346853be5c0de85a88) Importer(815301076,1909f56bfc062723c751e8b465ee728b)
Start importing Assets/Prefabs/Ground4.prefab using Guid(c773aa464ebf71346853be5c0de85a88) Importer(815301076,1909f56bfc062723c751e8b465ee728b)  -> (artifact id: '328560fb743ab20b9657f2c08f902781') in 0.011313 seconds
  Import took 0.015525 seconds .

========================================================================
Received Import Request.
  Time since last request: 3.193701 seconds.
  path: Assets/Prefabs/Ground3.prefab
  artifactKey: Guid(00dd3da4d73ea9547bcbd28a0533b5a6) Importer(815301076,1909f56bfc062723c751e8b465ee728b)
Start importing Assets/Prefabs/Ground3.prefab using Guid(00dd3da4d73ea9547bcbd28a0533b5a6) Importer(815301076,1909f56bfc062723c751e8b465ee728b)  -> (artifact id: 'f3551d91428b73ce82cfad0fc38d603d') in 0.013930 seconds
  Import took 0.017736 seconds .

========================================================================
Received Import Request.
  Time since last request: 0.000248 seconds.
  path: Assets/Prefabs/Obstacle.prefab
  artifactKey: Guid(eaafed737dd6f0842bfbd321edefb49e) Importer(815301076,1909f56bfc062723c751e8b465ee728b)
Start importing Assets/Prefabs/Obstacle.prefab using Guid(eaafed737dd6f0842bfbd321edefb49e) Importer(815301076,1909f56bfc062723c751e8b465ee728b)  -> (artifact id: '55aebacc56e6f86298c7f8bedbae45e1') in 0.009825 seconds
  Import took 0.013049 seconds .

========================================================================
Received Import Request.
  Time since last request: 0.000293 seconds.
  path: Assets/Prefabs/Ground4.prefab
  artifactKey: Guid(c773aa464ebf71346853be5c0de85a88) Importer(815301076,1909f56bfc062723c751e8b465ee728b)
Start importing Assets/Prefabs/Ground4.prefab using Guid(c773aa464ebf71346853be5c0de85a88) Importer(815301076,1909f56bfc062723c751e8b465ee728b)  -> (artifact id: '5e1e23412b6a7aa623380de773e47722') in 0.012851 seconds
  Import took 0.016540 seconds .

========================================================================
Received Import Request.
  Time since last request: 1.778990 seconds.
  path: Assets/Prefabs/Ground3.prefab
  artifactKey: Guid(00dd3da4d73ea9547bcbd28a0533b5a6) Importer(815301076,1909f56bfc062723c751e8b465ee728b)
Start importing Assets/Prefabs/Ground3.prefab using Guid(00dd3da4d73ea9547bcbd28a0533b5a6) Importer(815301076,1909f56bfc062723c751e8b465ee728b)  -> (artifact id: '74601f5bbd0fd5f350bd233259133e2e') in 0.011993 seconds
  Import took 0.016223 seconds .

========================================================================
Received Import Request.
  Time since last request: 0.000228 seconds.
  path: Assets/Prefabs/Obstacle.prefab
  artifactKey: Guid(eaafed737dd6f0842bfbd321edefb49e) Importer(815301076,1909f56bfc062723c751e8b465ee728b)
Start importing Assets/Prefabs/Obstacle.prefab using Guid(eaafed737dd6f0842bfbd321edefb49e) Importer(815301076,1909f56bfc062723c751e8b465ee728b)  -> (artifact id: 'ac6a9322948460964f8ac06545db87b4') in 0.010546 seconds
  Import took 0.014879 seconds .

========================================================================
Received Import Request.
  Time since last request: 0.000354 seconds.
  path: Assets/Prefabs/Ground4.prefab
  artifactKey: Guid(c773aa464ebf71346853be5c0de85a88) Importer(815301076,1909f56bfc062723c751e8b465ee728b)
Start importing Assets/Prefabs/Ground4.prefab using Guid(c773aa464ebf71346853be5c0de85a88) Importer(815301076,1909f56bfc062723c751e8b465ee728b)  -> (artifact id: 'ca50a9f572a47971d37f89f42b057efe') in 0.012981 seconds
  Import took 0.017493 seconds .

========================================================================
Received Import Request.
  Time since last request: 2.769858 seconds.
  path: Assets/Prefabs/Ground3.prefab
  artifactKey: Guid(00dd3da4d73ea9547bcbd28a0533b5a6) Importer(815301076,1909f56bfc062723c751e8b465ee728b)
Start importing Assets/Prefabs/Ground3.prefab using Guid(00dd3da4d73ea9547bcbd28a0533b5a6) Importer(815301076,1909f56bfc062723c751e8b465ee728b)  -> (artifact id: '2b2ec9c68dcee74f522737ab64e5aafe') in 0.012347 seconds
  Import took 0.016489 seconds .

========================================================================
Received Import Request.
  Time since last request: 0.000370 seconds.
  path: Assets/Prefabs/Obstacle.prefab
  artifactKey: Guid(eaafed737dd6f0842bfbd321edefb49e) Importer(815301076,1909f56bfc062723c751e8b465ee728b)
Start importing Assets/Prefabs/Obstacle.prefab using Guid(eaafed737dd6f0842bfbd321edefb49e) Importer(815301076,1909f56bfc062723c751e8b465ee728b)  -> (artifact id: '454136ca38ad6b03b8c98ae3a5262703') in 0.010462 seconds
  Import took 0.014510 seconds .

========================================================================
Received Import Request.
  Time since last request: 0.000321 seconds.
  path: Assets/Prefabs/Ground4.prefab
  artifactKey: Guid(c773aa464ebf71346853be5c0de85a88) Importer(815301076,1909f56bfc062723c751e8b465ee728b)
Start importing Assets/Prefabs/Ground4.prefab using Guid(c773aa464ebf71346853be5c0de85a88) Importer(815301076,1909f56bfc062723c751e8b465ee728b)  -> (artifact id: '1a1e58a0242ad41e3974093185ccb8f7') in 0.011635 seconds
  Import took 0.015930 seconds .

AssetImportWorkerClient::OnTransportError - code=2 error=End of file
